2024-08-09 14:29:52,660 [INFO] Activator:176 - 


2024-08-09 14:29:52,662 [INFO] Activator:177 - !SESSION log4j initialized
2024-08-09 14:29:55,248 [INFO] LogOutputStream:77 - [STDOUT_REDIRECT] 
2024-08-09 14:29:57,344 [INFO] ApplicationProperties:184 - Using Application install path: /home/federico/st/stm32cubeide_1.16.0/plugins/com.st.stm32cube.common.mx_6.12.0.202406281431
2024-08-09 14:29:57,363 [INFO] DbMcusXml:78 - Set database path to: /home/federico/st/stm32cubeide_1.16.0/plugins/com.st.stm32cube.common.mx_6.12.0.202406281431//db//mcu/
2024-08-09 14:29:57,364 [INFO] ApiDb:274 - Set plugin database path to: /home/federico/st/stm32cubeide_1.16.0/plugins/com.st.stm32cube.common.mx_6.12.0.202406281431//db//plugins/boardmanager/
2024-08-09 14:29:57,364 [WARN] ApiDb:259 - Overriding images path with different value:  => /home/federico/st/stm32cubeide_1.16.0/plugins/com.st.stm32cube.common.mx_6.12.0.202406281431//db//plugins/mcufinder/images/
2024-08-09 14:29:57,372 [INFO] ApiDb:250 - Set database path to: /home/federico/.stmcufinder/plugins/mcufinder//mcu/
2024-08-09 14:29:57,374 [INFO] DbMcusAds:125 - Set database path to: /home/federico/.stmcufinder/plugins/mcufinder//mcu/
2024-08-09 14:29:57,377 [INFO] CrossReferenceDbSqlite:203 - Set database path to: /home/federico/.stmcufinder/plugins/mcufinder//mcu/cs/
2024-08-09 14:29:57,506 [INFO] RulesReader:64 - Compatibility file has been processed (297 Rules)
2024-08-09 14:29:57,595 [INFO] DbMcusXml:78 - Set database path to: /home/federico/st/stm32cubeide_1.16.0/plugins/com.st.stm32cube.common.mx_6.12.0.202406281431//db//mcu/
2024-08-09 14:29:57,596 [INFO] ApiDb:274 - Set plugin database path to: /home/federico/st/stm32cubeide_1.16.0/plugins/com.st.stm32cube.common.mx_6.12.0.202406281431//db//plugins/boardmanager/
2024-08-09 14:29:57,596 [INFO] ApiDb:261 - Set plugin images path to: /home/federico/st/stm32cubeide_1.16.0/plugins/com.st.stm32cube.common.mx_6.12.0.202406281431//db//plugins/mcufinder/images/
2024-08-09 14:29:57,597 [WARN] DbFile:41 - Overriding database path with different value: /home/federico/.stmcufinder/plugins/mcufinder/ => /home/federico/.stmcufinder/plugins/mcufinder
2024-08-09 14:29:57,597 [INFO] ApiDb:250 - Set database path to: /home/federico/.stmcufinder/plugins/mcufinder//mcu/
2024-08-09 14:29:57,597 [WARN] DbFile:41 - Overriding database path with different value: /home/federico/.stmcufinder/plugins/mcufinder/ => /home/federico/.stmcufinder/plugins/mcufinder
2024-08-09 14:29:57,598 [INFO] DbMcusAds:125 - Set database path to: /home/federico/.stmcufinder/plugins/mcufinder//mcu/
2024-08-09 14:29:57,598 [WARN] DbFile:41 - Overriding database path with different value: /home/federico/.stmcufinder/plugins/mcufinder/ => /home/federico/.stmcufinder/plugins/mcufinder
2024-08-09 14:29:57,598 [WARN] DbFile:41 - Overriding database path with different value: /home/federico/.stmcufinder/plugins/mcufinder/ => /home/federico/.stmcufinder/plugins/mcufinder
2024-08-09 14:29:57,598 [INFO] CrossReferenceDbSqlite:203 - Set database path to: /home/federico/.stmcufinder/plugins/mcufinder//mcu/cs/
2024-08-09 14:29:57,687 [INFO] MainPanel:268 - HeapMemory: 268435456
2024-08-09 14:29:57,849 [INFO] DbMcusXml:78 - Set database path to: /home/federico/st/stm32cubeide_1.16.0/plugins/com.st.stm32cube.common.mx_6.12.0.202406281431//db//mcu/
2024-08-09 14:29:57,850 [INFO] ApiDb:274 - Set plugin database path to: /home/federico/st/stm32cubeide_1.16.0/plugins/com.st.stm32cube.common.mx_6.12.0.202406281431//db//plugins/boardmanager/
2024-08-09 14:29:57,850 [INFO] ApiDb:261 - Set plugin images path to: /home/federico/st/stm32cubeide_1.16.0/plugins/com.st.stm32cube.common.mx_6.12.0.202406281431//db//plugins/mcufinder/images/
2024-08-09 14:29:57,851 [WARN] DbFile:41 - Overriding database path with different value: /home/federico/.stmcufinder/plugins/mcufinder/ => /home/federico/.stmcufinder/plugins/mcufinder
2024-08-09 14:29:57,851 [INFO] ApiDb:250 - Set database path to: /home/federico/.stmcufinder/plugins/mcufinder//mcu/
2024-08-09 14:29:57,852 [WARN] DbFile:41 - Overriding database path with different value: /home/federico/.stmcufinder/plugins/mcufinder/ => /home/federico/.stmcufinder/plugins/mcufinder
2024-08-09 14:29:57,852 [INFO] DbMcusAds:125 - Set database path to: /home/federico/.stmcufinder/plugins/mcufinder//mcu/
2024-08-09 14:29:57,853 [WARN] DbFile:41 - Overriding database path with different value: /home/federico/.stmcufinder/plugins/mcufinder/ => /home/federico/.stmcufinder/plugins/mcufinder
2024-08-09 14:29:57,856 [WARN] DbFile:41 - Overriding database path with different value: /home/federico/.stmcufinder/plugins/mcufinder/ => /home/federico/.stmcufinder/plugins/mcufinder
2024-08-09 14:29:57,859 [INFO] CrossReferenceDbSqlite:203 - Set database path to: /home/federico/.stmcufinder/plugins/mcufinder//mcu/cs/
2024-08-09 14:29:57,884 [INFO] ApplicationProperties:184 - Using Application install path: /home/federico/st/stm32cubeide_1.16.0/plugins/com.st.stm32cube.common.mx_6.12.0.202406281431
2024-08-09 14:29:57,886 [INFO] PluginManage:196 - Search for loadable plugins [exclusion list=, ]
2024-08-09 14:29:57,888 [INFO] PluginManage:310 - Check plugin analytics
2024-08-09 14:29:58,124 [INFO] AnalyticsPlugin:253 - Accepted Software Licenses: 
2024-08-09 14:29:58,125 [INFO] AnalyticsPlugin:255 - Accepted CMSIS Pack Licenses: 
2024-08-09 14:29:58,125 [INFO] AnalyticsPlugin:257 - Accepted Firmware Licenses: 
2024-08-09 14:29:58,129 [INFO] PluginManage:359 - Loaded plugin analytics (category:tool,tabindex:-1)
2024-08-09 14:29:58,129 [INFO] PluginManage:310 - Check plugin cadmodel
2024-08-09 14:29:58,136 [INFO] CADModel:105 - Init CAD model plugin
2024-08-09 14:29:58,136 [INFO] PluginManage:359 - Loaded plugin cadmodel (category:power,tabindex:5)
2024-08-09 14:29:58,137 [INFO] PluginManage:310 - Check plugin clock
2024-08-09 14:29:58,148 [INFO] PluginManage:359 - Loaded plugin clock (category:base,tabindex:2)
2024-08-09 14:29:58,149 [INFO] PluginManage:310 - Check plugin ddr
2024-08-09 14:29:58,152 [INFO] PluginManage:359 - Loaded plugin ddr (category:tool,tabindex:6)
2024-08-09 14:29:58,153 [INFO] PluginManage:310 - Check plugin filemanager
2024-08-09 14:29:58,331 [INFO] PluginManage:359 - Loaded plugin filemanager (category:base,tabindex:10)
2024-08-09 14:29:58,332 [INFO] PluginManage:310 - Check plugin ipmanager
2024-08-09 14:29:58,339 [INFO] PluginManage:359 - Loaded plugin ipmanager (category:base,tabindex:5)
2024-08-09 14:29:58,340 [INFO] PluginManage:310 - Check plugin lpbam
2024-08-09 14:29:58,350 [INFO] PluginManage:359 - Loaded plugin lpbam (category:base,tabindex:0)
2024-08-09 14:29:58,351 [INFO] PluginManage:310 - Check plugin memorymap
2024-08-09 14:29:58,366 [INFO] PluginManage:359 - Loaded plugin memorymap (category:base,tabindex:4)
2024-08-09 14:29:58,366 [INFO] PluginManage:310 - Check plugin pinoutandconfiguration
2024-08-09 14:29:58,377 [INFO] PluginManage:359 - Loaded plugin pinoutandconfiguration (category:base,tabindex:1)
2024-08-09 14:29:58,378 [INFO] PluginManage:310 - Check plugin pinoutconfig
2024-08-09 14:29:58,489 [WARN] SupportedApi:132 - Cannot load RTOS API schema: s4s-elt-must-match.1: The content of 'definitions' must match (annotation?, (simpleType | complexType)?, (unique | key | keyref)*)). A problem was found starting at: attribute.
2024-08-09 14:29:58,767 [INFO] PluginManage:359 - Loaded plugin pinoutconfig (category:base,tabindex:0)
2024-08-09 14:29:58,767 [INFO] PluginManage:310 - Check plugin power
2024-08-09 14:29:58,780 [INFO] PluginManage:359 - Loaded plugin power (category:power,tabindex:4)
2024-08-09 14:29:58,781 [INFO] PluginManage:310 - Check plugin projectmanager
2024-08-09 14:29:58,799 [INFO] PluginManage:359 - Loaded plugin projectmanager (category:projectmanager,tabindex:4)
2024-08-09 14:29:58,799 [INFO] PluginManage:310 - Check plugin rif
2024-08-09 14:29:58,806 [INFO] PluginManage:359 - Loaded plugin rif (category:base,tabindex:3)
2024-08-09 14:29:58,807 [INFO] PluginManage:310 - Check plugin thirdparty
2024-08-09 14:29:58,945 [INFO] PluginManage:359 - Loaded plugin thirdparty (category:base,tabindex:-1)
2024-08-09 14:29:58,945 [WARN] IntegrityCheckThread:84 - waiting for thirdparty lock release [integrity check]
2024-08-09 14:29:58,946 [INFO] PluginManage:310 - Check plugin tools
2024-08-09 14:29:58,946 [INFO] IntegrityCheckThread:86 - entering critical section [integrity check]
2024-08-09 14:29:58,947 [INFO] ThirdPartyUpdaterWithRetryManager:70 - Updater plugin not ready yet. [1/15]
2024-08-09 14:29:58,949 [INFO] PluginManage:359 - Loaded plugin tools (category:base,tabindex:7)
2024-08-09 14:29:58,949 [INFO] PluginManage:310 - Check plugin tutovideos
2024-08-09 14:29:59,112 [INFO] PluginManage:359 - Loaded plugin tutovideos (category:base,tabindex:-1)
2024-08-09 14:29:59,113 [INFO] PluginManage:310 - Check plugin updater
2024-08-09 14:29:59,132 [INFO] PluginManage:359 - Loaded plugin updater (category:base,tabindex:12)
2024-08-09 14:29:59,132 [INFO] PluginManage:310 - Check plugin userauth
2024-08-09 14:29:59,138 [INFO] UserAuth:113 - Init User Auth plugin
2024-08-09 14:29:59,138 [INFO] PluginManage:359 - Loaded plugin userauth (category:base,tabindex:14)
2024-08-09 14:29:59,139 [INFO] PluginManage:283 - PluginManage : Loaded plugins [18]
2024-08-09 14:29:59,326 [INFO] PinOutPanel:1561 - setPackage(No Configuration,No Configuration)
2024-08-09 14:29:59,402 [INFO] CADModel:165 - CPN selected for project level
2024-08-09 14:29:59,403 [INFO] CADModel:114 - Register for checkConnection events
2024-08-09 14:29:59,418 [INFO] IPUIPlugin:80 - create IPUIPlugin
2024-08-09 14:29:59,419 [INFO] PluginManager:220 - loadIPPluginJar : add extmemmanager
2024-08-09 14:29:59,427 [INFO] IPUIPlugin:80 - create IPUIPlugin
2024-08-09 14:29:59,428 [INFO] PluginManager:220 - loadIPPluginJar : add linkedlist
2024-08-09 14:29:59,430 [INFO] IPUIPlugin:80 - create IPUIPlugin
2024-08-09 14:29:59,431 [INFO] PluginManager:220 - loadIPPluginJar : add dma3
2024-08-09 14:29:59,433 [INFO] IPUIPlugin:80 - create IPUIPlugin
2024-08-09 14:29:59,433 [INFO] PluginManager:220 - loadIPPluginJar : add fatfs
2024-08-09 14:29:59,435 [INFO] IPUIPlugin:80 - create IPUIPlugin
2024-08-09 14:29:59,435 [INFO] PluginManager:220 - loadIPPluginJar : add comp
2024-08-09 14:29:59,441 [INFO] IPUIPlugin:80 - create IPUIPlugin
2024-08-09 14:29:59,442 [INFO] PluginManager:220 - loadIPPluginJar : add freertos
2024-08-09 14:29:59,444 [INFO] IPUIPlugin:80 - create IPUIPlugin
2024-08-09 14:29:59,444 [INFO] PluginManager:220 - loadIPPluginJar : add quadspi
2024-08-09 14:29:59,447 [INFO] IPUIPlugin:80 - create IPUIPlugin
2024-08-09 14:29:59,448 [INFO] PluginManager:220 - loadIPPluginJar : add ipddr
2024-08-09 14:29:59,450 [INFO] IPUIPlugin:80 - create IPUIPlugin
2024-08-09 14:29:59,451 [INFO] PluginManager:220 - loadIPPluginJar : add lorawan
2024-08-09 14:29:59,453 [INFO] IPUIPlugin:80 - create IPUIPlugin
2024-08-09 14:29:59,453 [INFO] PluginManager:220 - loadIPPluginJar : add i2c
2024-08-09 14:29:59,456 [INFO] IPUIPlugin:80 - create IPUIPlugin
2024-08-09 14:29:59,456 [INFO] PluginManager:220 - loadIPPluginJar : add tracer_emb
2024-08-09 14:29:59,464 [INFO] IPUIPlugin:80 - create IPUIPlugin
2024-08-09 14:29:59,467 [INFO] PluginManager:220 - loadIPPluginJar : add plateformsettings
2024-08-09 14:29:59,473 [INFO] IPUIPlugin:80 - create IPUIPlugin
2024-08-09 14:29:59,474 [INFO] PluginManager:220 - loadIPPluginJar : add resmgrutility
2024-08-09 14:29:59,479 [INFO] IPUIPlugin:80 - create IPUIPlugin
2024-08-09 14:29:59,480 [INFO] PluginManager:220 - loadIPPluginJar : add stm32_wpan
2024-08-09 14:29:59,484 [INFO] IPUIPlugin:80 - create IPUIPlugin
2024-08-09 14:29:59,485 [INFO] PluginManager:220 - loadIPPluginJar : add nvic
2024-08-09 14:29:59,489 [INFO] IPUIPlugin:80 - create IPUIPlugin
2024-08-09 14:29:59,489 [INFO] PluginManager:220 - loadIPPluginJar : add fmc
2024-08-09 14:29:59,495 [INFO] IPUIPlugin:80 - create IPUIPlugin
2024-08-09 14:29:59,495 [INFO] PluginManager:220 - loadIPPluginJar : add mdma
2024-08-09 14:29:59,499 [INFO] IPUIPlugin:80 - create IPUIPlugin
2024-08-09 14:29:59,500 [INFO] PluginManager:220 - loadIPPluginJar : add ddr_ctrl_phy
2024-08-09 14:29:59,502 [INFO] IPUIPlugin:80 - create IPUIPlugin
2024-08-09 14:29:59,502 [INFO] PluginManager:220 - loadIPPluginJar : add genericplugin
2024-08-09 14:29:59,506 [INFO] IPUIPlugin:80 - create IPUIPlugin
2024-08-09 14:29:59,506 [INFO] PluginManager:220 - loadIPPluginJar : add touchsensing
2024-08-09 14:29:59,509 [INFO] IPUIPlugin:80 - create IPUIPlugin
2024-08-09 14:29:59,510 [INFO] PluginManager:220 - loadIPPluginJar : add cryp
2024-08-09 14:29:59,512 [INFO] IPUIPlugin:80 - create IPUIPlugin
2024-08-09 14:29:59,513 [INFO] PluginManager:220 - loadIPPluginJar : add ts
2024-08-09 14:29:59,519 [INFO] IPUIPlugin:80 - create IPUIPlugin
2024-08-09 14:29:59,520 [INFO] PluginManager:220 - loadIPPluginJar : add dma
2024-08-09 14:29:59,523 [INFO] IPUIPlugin:80 - create IPUIPlugin
2024-08-09 14:29:59,524 [INFO] PluginManager:220 - loadIPPluginJar : add pdm2pcm
2024-08-09 14:29:59,528 [INFO] IPUIPlugin:80 - create IPUIPlugin
2024-08-09 14:29:59,528 [INFO] PluginManager:220 - loadIPPluginJar : add sai
2024-08-09 14:29:59,531 [INFO] IPUIPlugin:80 - create IPUIPlugin
2024-08-09 14:29:59,531 [INFO] PluginManager:220 - loadIPPluginJar : add can
2024-08-09 14:29:59,534 [INFO] IPUIPlugin:80 - create IPUIPlugin
2024-08-09 14:29:59,535 [INFO] PluginManager:220 - loadIPPluginJar : add spi
2024-08-09 14:29:59,537 [INFO] IPUIPlugin:80 - create IPUIPlugin
2024-08-09 14:29:59,538 [INFO] PluginManager:220 - loadIPPluginJar : add gfxmmu
2024-08-09 14:29:59,543 [INFO] IPUIPlugin:80 - create IPUIPlugin
2024-08-09 14:29:59,544 [INFO] PluginManager:220 - loadIPPluginJar : add gpio
2024-08-09 14:29:59,547 [INFO] IPUIPlugin:80 - create IPUIPlugin
2024-08-09 14:29:59,547 [INFO] PluginManager:220 - loadIPPluginJar : add usbx
2024-08-09 14:29:59,553 [INFO] IPUIPlugin:80 - create IPUIPlugin
2024-08-09 14:29:59,553 [INFO] PluginManager:220 - loadIPPluginJar : add gic
2024-08-09 14:29:59,556 [INFO] IPUIPlugin:80 - create IPUIPlugin
2024-08-09 14:29:59,557 [INFO] PluginManager:220 - loadIPPluginJar : add radio
2024-08-09 14:29:59,560 [INFO] IPUIPlugin:80 - create IPUIPlugin
2024-08-09 14:29:59,561 [INFO] PluginManager:220 - loadIPPluginJar : add gtzc
2024-08-09 14:29:59,563 [INFO] IPUIPlugin:80 - create IPUIPlugin
2024-08-09 14:29:59,564 [INFO] PluginManager:220 - loadIPPluginJar : add dfsdm
2024-08-09 14:29:59,566 [INFO] IPUIPlugin:80 - create IPUIPlugin
2024-08-09 14:29:59,567 [INFO] PluginManager:220 - loadIPPluginJar : add i3c
2024-08-09 14:29:59,570 [INFO] IPUIPlugin:80 - create IPUIPlugin
2024-08-09 14:29:59,571 [INFO] PluginManager:220 - loadIPPluginJar : add hash
2024-08-09 14:29:59,574 [INFO] IPUIPlugin:80 - create IPUIPlugin
2024-08-09 14:29:59,575 [INFO] PluginManager:220 - loadIPPluginJar : add openamp
2024-08-09 14:29:59,578 [INFO] IPUIPlugin:80 - create IPUIPlugin
2024-08-09 14:29:59,579 [INFO] PluginManager:220 - loadIPPluginJar : add tsc
2024-08-09 14:29:59,582 [INFO] IPUIPlugin:80 - create IPUIPlugin
2024-08-09 14:29:59,583 [INFO] PluginManager:220 - loadIPPluginJar : add aes
2024-08-09 14:29:59,586 [INFO] IPUIPlugin:80 - create IPUIPlugin
2024-08-09 14:29:59,586 [INFO] PluginManager:220 - loadIPPluginJar : add i2s
2024-08-09 14:29:59,589 [INFO] IPUIPlugin:80 - create IPUIPlugin
2024-08-09 14:29:59,590 [INFO] PluginManager:220 - loadIPPluginJar : add ucpd
2024-08-09 14:29:59,592 [INFO] IPUIPlugin:80 - create IPUIPlugin
2024-08-09 14:29:59,592 [INFO] PluginManager:220 - loadIPPluginJar : add tim
2024-08-09 14:29:59,594 [INFO] IPUIPlugin:80 - create IPUIPlugin
2024-08-09 14:29:59,595 [INFO] PluginManager:220 - loadIPPluginJar : add ltdc
2024-08-09 14:29:59,598 [INFO] IPUIPlugin:80 - create IPUIPlugin
2024-08-09 14:29:59,599 [INFO] PluginManager:220 - loadIPPluginJar : add opamp
2024-08-09 14:29:59,602 [INFO] IPUIPlugin:80 - create IPUIPlugin
2024-08-09 14:29:59,602 [INFO] PluginManager:220 - loadIPPluginJar : add usart
2024-08-09 14:29:59,610 [INFO] IPUIPlugin:80 - create IPUIPlugin
2024-08-09 14:29:59,611 [INFO] PluginManager:220 - loadIPPluginJar : add adc
2024-08-09 14:29:59,710 [INFO] CADModel:165 - CPN selected for project level
2024-08-09 14:29:59,710 [INFO] CADModel:114 - Register for checkConnection events
2024-08-09 14:29:59,711 [FATAL] Updater:334 - Updater called before beeing initialized
2024-08-09 14:29:59,712 [ERROR] CADModel:125 - Updater not yet initialized, retry later 
2024-08-09 14:29:59,872 [INFO] CADModel:165 - CPN selected for project level
2024-08-09 14:29:59,873 [INFO] CADModel:114 - Register for checkConnection events
2024-08-09 14:29:59,873 [FATAL] Updater:334 - Updater called before beeing initialized
2024-08-09 14:29:59,874 [ERROR] CADModel:125 - Updater not yet initialized, retry later 
2024-08-09 14:29:59,878 [FATAL] Updater:334 - Updater called before beeing initialized
2024-08-09 14:29:59,979 [FATAL] Updater:334 - Updater called before beeing initialized
2024-08-09 14:29:59,985 [INFO] DbMcusAds:53 - JSON generation date=Thu May 16 11:22:00 CEST 2024 (1715851320667)
2024-08-09 14:29:59,985 [FATAL] Updater:334 - Updater called before beeing initialized
2024-08-09 14:30:00,040 [WARN] DetailPanel:346 - Failed to get advertising image, set to default
2024-08-09 14:30:00,144 [FATAL] Updater:334 - Updater called before beeing initialized
2024-08-09 14:30:00,147 [FATAL] Updater:334 - Updater called before beeing initialized
2024-08-09 14:30:00,148 [FATAL] Updater:334 - Updater called before beeing initialized
2024-08-09 14:30:00,148 [WARN] DetailPanel:346 - Failed to get advertising image, set to default
2024-08-09 14:30:00,150 [FATAL] Updater:334 - Updater called before beeing initialized
2024-08-09 14:30:00,197 [ERROR] Updater:1164 - MainUpdater not yet initialized. External WinMGr cannot be set.
2024-08-09 14:30:00,200 [INFO] Updater:1100 - Updater Version found : 6.12.0
2024-08-09 14:30:00,222 [INFO] ApplicationProperties:184 - Using Application install path: /home/federico/st/stm32cubeide_1.16.0/plugins/com.st.stm32cube.common.mx_6.12.0.202406281431
2024-08-09 14:30:01,276 [INFO] MainUpdater:2873 - connection check result : 10
2024-08-09 14:30:01,278 [INFO] MainUpdater:290 - Updater Check For Update Now.
2024-08-09 14:30:01,279 [INFO] MicroXplorer:498 - Change Database Version : DB.6.0.120
2024-08-09 14:30:01,286 [INFO] McuFinderGlobals:63 - Set McuFinder mode to 2 (CubeIDE integrated)
2024-08-09 14:30:01,288 [INFO] UserAuth:417 - Internet connection configuration mode: 1
2024-08-09 14:30:01,341 [INFO] JxBrowserEngine:152 - Initiate JxBrowser Engine with user profile folder
2024-08-09 14:30:01,524 [INFO] CheckServerUpdateThread:120 - End of CheckServer Thread
2024-08-09 14:30:02,082 [WARN] PackLoader:240 - Cannot read IP mode file for STMicroelectronics.FP-SNS-MOTENVWB1.1.4.0
2024-08-09 14:30:02,093 [WARN] PackLoader:240 - Cannot read IP mode file for STMicroelectronics.X-CUBE-SMBUS.2.1.0
2024-08-09 14:30:02,137 [WARN] PackLoader:240 - Cannot read IP mode file for STMicroelectronics.X-CUBE-AZRTOS-F7.1.1.0
2024-08-09 14:30:02,150 [WARN] PackLoader:240 - Cannot read IP mode file for STMicroelectronics.FP-SNS-FLIGHT1.5.0.2
2024-08-09 14:30:02,164 [WARN] PackLoader:240 - Cannot read IP mode file for STMicroelectronics.X-CUBE-DISPLAY.3.0.0
2024-08-09 14:30:02,179 [WARN] PackLoader:240 - Cannot read IP mode file for STMicroelectronics.X-CUBE-BLE1.7.0.0
2024-08-09 14:30:02,194 [WARN] PackLoader:240 - Cannot read IP mode file for STMicroelectronics.X-CUBE-BLEMGR.3.1.0
2024-08-09 14:30:02,206 [WARN] PackLoader:240 - Cannot read IP mode file for STMicroelectronics.FP-SNS-SMARTAG2.1.2.0
2024-08-09 14:30:02,217 [INFO] LogOutputStream:77 - [STDOUT_REDIRECT] 1 : Invalid condition id : UX_CORESTACK_Condition cause : null
2024-08-09 14:30:02,218 [INFO] LogOutputStream:77 - [STDOUT_REDIRECT] 1 : Invalid condition id : UX_CORESTACK_Condition cause : null
2024-08-09 14:30:02,219 [INFO] LogOutputStream:77 - [STDOUT_REDIRECT] 1 : Invalid condition id : UX_CORESTACK_Condition cause : null
2024-08-09 14:30:02,219 [INFO] LogOutputStream:77 - [STDOUT_REDIRECT] 1 : Invalid condition id : UX_CORESTACK_Condition cause : null
2024-08-09 14:30:02,220 [INFO] LogOutputStream:77 - [STDOUT_REDIRECT] 1 : Invalid condition id : UX_CORESTACK_Condition cause : null
2024-08-09 14:30:02,227 [WARN] PackLoader:240 - Cannot read IP mode file for STMicroelectronics.X-CUBE-AZRTOS-WL.2.0.0
2024-08-09 14:30:02,234 [WARN] PackLoader:240 - Cannot read IP mode file for STMicroelectronics.FP-SNS-MOTENV1.5.0.0
2024-08-09 14:30:02,240 [WARN] PackLoader:240 - Cannot read IP mode file for wolfSSL.I-CUBE-wolfMQTT.1.19.0
2024-08-09 14:30:02,252 [WARN] PackLoader:240 - Cannot read IP mode file for WES.I-CUBE-Cesium.1.3.0
2024-08-09 14:30:02,262 [WARN] PackLoader:240 - Cannot read IP mode file for STMicroelectronics.X-CUBE-BLE2.3.3.0
2024-08-09 14:30:02,272 [WARN] PackLoader:240 - Cannot read IP mode file for STMicroelectronics.X-CUBE-TCPP.4.1.0
2024-08-09 14:30:02,300 [WARN] PackLoader:240 - Cannot read IP mode file for STMicroelectronics.X-CUBE-AZRTOS-G0.1.1.0
2024-08-09 14:30:02,314 [WARN] PackLoader:240 - Cannot read IP mode file for STMicroelectronics.X-CUBE-SAFEA1.1.2.2
2024-08-09 14:30:02,328 [WARN] PackLoader:240 - Cannot read IP mode file for STMicroelectronics.X-CUBE-NFC4.3.0.0
2024-08-09 14:30:02,332 [WARN] PackLoader:240 - Cannot read IP mode file for STMicroelectronics.FP-ATR-SIGFOX1.3.2.0
2024-08-09 14:30:02,342 [WARN] PackLoader:240 - Cannot read IP mode file for STMicroelectronics.X-CUBE-EEPRMA1.5.1.0
2024-08-09 14:30:02,407 [WARN] PackLoader:240 - Cannot read IP mode file for SEGGER.I-CUBE-embOS.1.3.1
2024-08-09 14:30:02,502 [WARN] PackLoader:240 - Cannot read IP mode file for STMicroelectronics.X-CUBE-ALGOBUILD.1.4.0
2024-08-09 14:30:02,516 [WARN] PackLoader:240 - Cannot read IP mode file for STMicroelectronics.X-CUBE-GNSS1.6.0.0
2024-08-09 14:30:02,542 [WARN] PackLoader:240 - Cannot read IP mode file for STMicroelectronics.X-CUBE-AZRTOS-F4.1.1.0
2024-08-09 14:30:02,845 [WARN] PackLoader:240 - Cannot read IP mode file for STMicroelectronics.X-CUBE-FREERTOS.1.2.0
2024-08-09 14:30:02,872 [WARN] PackLoader:240 - Cannot read IP mode file for STMicroelectronics.X-CUBE-AZRTOS-L5.2.0.0
2024-08-09 14:30:02,887 [WARN] PackLoader:240 - Cannot read IP mode file for STMicroelectronics.X-CUBE-NFC6.3.1.0
2024-08-09 14:30:02,904 [WARN] PackLoader:240 - Cannot read IP mode file for STMicroelectronics.X-CUBE-AI.9.0.0
2024-08-09 14:30:02,920 [WARN] PackLoader:240 - Cannot read IP mode file for STMicroelectronics.X-CUBE-NFC7.1.0.1
2024-08-09 14:30:02,936 [INFO] WebApp:167 - Instantiating new browser for Auth
2024-08-09 14:30:02,962 [WARN] ConditionMgr:438 - getConditionDescription Invalid condition id : LAN8742 Phy interface Condition cause : null
2024-08-09 14:30:02,965 [WARN] PackLoader:240 - Cannot read IP mode file for STMicroelectronics.X-CUBE-AZRTOS-L4.2.0.0
2024-08-09 14:30:02,975 [WARN] ConditionMgr:1039 - genDependencies : Invalid condition id : LAN8742 Phy interface Condition cause : null
2024-08-09 14:30:02,976 [WARN] ConditionMgr:1039 - genDependencies : Invalid condition id : LAN8742 Phy interface Condition cause : null
2024-08-09 14:30:02,976 [WARN] ConditionMgr:1039 - genDependencies : Invalid condition id : LAN8742 Phy interface Condition cause : null
2024-08-09 14:30:02,988 [WARN] PackLoader:240 - Cannot read IP mode file for STMicroelectronics.X-CUBE-SFXS2LP1.4.0.0
2024-08-09 14:30:03,008 [WARN] ConditionMgr:438 - getConditionDescription Invalid condition id : UX DEVICE CLASS RTOS Condition cause : null
2024-08-09 14:30:03,009 [WARN] ConditionMgr:438 - getConditionDescription Invalid condition id : UX DEVICE CLASS RTOS Condition cause : null
2024-08-09 14:30:03,012 [WARN] PackLoader:240 - Cannot read IP mode file for STMicroelectronics.X-CUBE-AZRTOS-WB.2.0.0
2024-08-09 14:30:03,013 [WARN] ConditionMgr:1039 - genDependencies : Invalid condition id : UX DEVICE CLASS RTOS Condition cause : null
2024-08-09 14:30:03,013 [WARN] ConditionMgr:1039 - genDependencies : Invalid condition id : UX DEVICE CLASS RTOS Condition cause : null
2024-08-09 14:30:03,014 [WARN] ConditionMgr:1039 - genDependencies : Invalid condition id : UX DEVICE CLASS RTOS Condition cause : null
2024-08-09 14:30:03,015 [WARN] ConditionMgr:1039 - genDependencies : Invalid condition id : UX DEVICE CLASS RTOS Condition cause : null
2024-08-09 14:30:03,015 [WARN] ConditionMgr:1039 - genDependencies : Invalid condition id : UX DEVICE CLASS RTOS Condition cause : null
2024-08-09 14:30:03,028 [WARN] PackLoader:240 - Cannot read IP mode file for STMicroelectronics.X-CUBE-SUBG2.5.0.0
2024-08-09 14:30:03,054 [WARN] PackLoader:240 - Cannot read IP mode file for STMicroelectronics.X-CUBE-AZRTOS-G4.2.0.0
2024-08-09 14:30:03,066 [WARN] PackLoader:240 - Cannot read IP mode file for STMicroelectronics.X-CUBE-ISPU.2.0.0
2024-08-09 14:30:03,072 [WARN] PackLoader:240 - Cannot read IP mode file for STMicroelectronics.X-CUBE-ALS.1.0.2
2024-08-09 14:30:03,114 [WARN] PackLoader:240 - Cannot read IP mode file for STMicroelectronics.X-CUBE-MEMS1.10.0.0
2024-08-09 14:30:03,243 [WARN] PackLoader:240 - Cannot read IP mode file for portGmbH.I-Cube-SoM-uGOAL.1.1.0
2024-08-09 14:30:03,263 [WARN] PackLoader:240 - Cannot read IP mode file for STMicroelectronics.X-CUBE-AZRTOS-H7RS.1.0.0
2024-08-09 14:30:03,278 [WARN] PackLoader:240 - Cannot read IP mode file for STMicroelectronics.FP-ATR-ASTRA1.2.0.0
2024-08-09 14:30:03,300 [WARN] PackLoader:240 - Cannot read IP mode file for STMicroelectronics.X-CUBE-AZRTOS-H7.3.2.0
2024-08-09 14:30:03,305 [INFO] ThirdParty:978 - Integrity check success = true
2024-08-09 14:30:03,306 [INFO] IntegrityCheckThread:100 - exiting critical section [integrity check]
2024-08-09 14:30:03,306 [INFO] IntegrityCheckThread:103 - End integrity checks thread
2024-08-09 14:30:04,034 [INFO] WebApp:448 - Apply proxy settings
2024-08-09 14:30:04,035 [INFO] WebApp:533 - Chromium requires no authentication
2024-08-09 14:30:04,044 [INFO] WebApp:476 - Direct internet connection detected
2024-08-09 14:30:04,063 [INFO] WebApp:869 - Register for checkConnection events
2024-08-09 14:30:04,064 [INFO] WebApp:448 - Apply proxy settings
2024-08-09 14:30:04,065 [INFO] WebApp:533 - Chromium requires no authentication
2024-08-09 14:30:04,066 [INFO] WebApp:476 - Direct internet connection detected
2024-08-09 14:30:04,272 [INFO] WebApp:220 - Starting web application
2024-08-09 14:30:04,273 [INFO] WebApp:578 - Web application path used /home/federico/st/stm32cubeide_1.16.0/plugins/com.st.stm32cube.common.mx_6.12.0.202406281431/db/plugins/mcufinder/reactClient1/index.html
2024-08-09 14:30:04,443 [INFO] UserAuth:417 - Internet connection configuration mode: 1
2024-08-09 14:30:04,559 [INFO] WebApp:186 - Connection restablished
